SF:lib\framework\providers\provider\auth_provider.dart
DA:8,24
DA:9,0
DA:15,10
DA:16,0
DA:22,8
DA:23,8
DA:24,8
DA:25,18
DA:26,4
DA:29,0
DA:30,0
DA:31,0
DA:32,0
DA:36,2
DA:37,2
DA:39,4
DA:40,4
DA:41,2
DA:44,6
DA:49,4
DA:51,4
DA:54,8
DA:55,4
DA:56,2
DA:59,12
DA:65,2
DA:66,2
DA:68,4
DA:72,2
DA:73,2
DA:74,2
DA:77,4
DA:78,2
DA:81,6
DA:86,4
DA:87,4
DA:89,8
DA:90,4
DA:93,6
DA:98,2
DA:99,4
DA:100,2
DA:101,2
DA:102,2
DA:103,2
DA:106,2
DA:107,2
DA:108,2
DA:109,2
DA:112,6
DA:113,6
DA:114,6
DA:115,6
DA:118,4
DA:119,4
DA:120,4
DA:121,4
DA:124,4
DA:125,4
DA:126,4
DA:127,4
LF:61
LH:55
end_of_record
SF:lib\framework\repository\repository\auth_repository.dart
DA:11,2
DA:14,0
DA:15,0
DA:18,0
DA:21,6
DA:24,2
DA:26,4
DA:27,2
DA:30,2
DA:31,2
DA:36,2
DA:39,4
DA:40,2
DA:43,6
DA:44,4
DA:46,2
DA:47,2
DA:53,2
DA:59,0
DA:60,0
DA:61,0
DA:62,0
DA:66,4
DA:70,2
DA:71,2
DA:72,2
DA:73,2
DA:75,4
DA:76,0
DA:77,0
DA:82,2
DA:84,6
DA:85,0
DA:86,0
DA:91,2
DA:92,4
DA:93,4
DA:94,4
DA:98,2
DA:99,2
DA:100,2
DA:101,2
DA:102,2
DA:103,2
DA:104,2
DA:105,2
DA:106,2
DA:107,0
DA:108,2
DA:109,2
DA:110,0
DA:111,0
DA:112,0
DA:113,0
DA:114,0
DA:115,0
DA:116,0
DA:117,0
DA:119,0
LF:59
LH:38
end_of_record
SF:lib\framework\providers\local\preferences_helper.dart
DA:7,0
DA:8,0
DA:12,0
DA:16,0
DA:17,0
DA:23,0
DA:25,0
DA:26,0
DA:30,0
DA:32,0
DA:33,0
DA:35,0
DA:36,0
DA:40,0
DA:42,0
DA:43,0
LF:16
LH:0
end_of_record
SF:lib\framework\providers\networks\dio_helper.dart
DA:8,0
DA:10,0
DA:13,0
DA:14,0
DA:15,0
DA:16,0
DA:22,0
DA:25,0
DA:26,0
DA:27,0
DA:28,0
DA:34,0
DA:37,0
DA:38,0
DA:39,0
DA:40,0
DA:46,0
DA:49,0
DA:50,0
DA:51,0
DA:52,0
DA:58,0
DA:59,0
DA:60,0
DA:61,0
DA:62,0
DA:63,0
DA:64,0
DA:65,0
DA:66,0
DA:67,0
DA:68,0
DA:69,0
DA:70,0
DA:72,0
LF:35
LH:0
end_of_record
SF:lib\framework\providers\networks\get_dio.dart
DA:4,0
DA:5,0
DA:10,0
DA:16,0
DA:18,0
DA:19,0
DA:20,0
DA:21,0
DA:23,0
DA:24,0
DA:26,0
DA:27,0
LF:12
LH:0
end_of_record
SF:lib\framework\providers\provider\country_provider.dart
DA:9,6
DA:10,0
DA:16,4
DA:17,0
DA:24,8
DA:25,4
DA:26,12
DA:27,4
DA:28,4
DA:31,4
DA:32,28
DA:34,4
DA:35,8
DA:37,4
DA:38,4
DA:39,4
DA:42,12
DA:43,4
DA:45,2
DA:46,6
DA:48,4
DA:51,2
DA:52,2
DA:53,2
DA:56,2
DA:57,2
DA:58,2
LF:27
LH:25
end_of_record
SF:lib\framework\repository\model\country_model\country_model.dart
DA:3,2
DA:4,2
DA:5,8
DA:13,7
DA:20,6
DA:21,6
DA:23,7
DA:24,3
DA:25,3
DA:28,0
DA:29,0
DA:30,0
DA:31,0
DA:32,0
LF:14
LH:9
end_of_record
SF:lib\framework\repository\repository\country_repository.dart
DA:11,2
DA:12,0
DA:15,2
DA:16,4
DA:17,2
DA:18,2
LF:6
LH:5
end_of_record
SF:lib\framework\providers\provider\employee_provider.dart
DA:10,18
DA:11,0
DA:18,8
DA:21,0
DA:40,8
DA:41,8
DA:42,4
DA:43,4
DA:44,0
DA:45,0
DA:46,12
DA:47,8
DA:48,4
DA:49,4
DA:50,4
DA:54,4
DA:55,4
DA:56,4
DA:57,4
DA:62,0
DA:64,0
DA:65,0
DA:66,0
DA:67,0
DA:72,12
DA:73,4
DA:76,4
DA:77,0
DA:78,0
DA:81,4
DA:85,4
DA:87,0
DA:88,0
DA:89,0
DA:90,0
DA:92,4
DA:93,12
DA:96,4
DA:99,2
DA:100,2
DA:101,2
DA:102,2
DA:105,6
DA:106,2
DA:108,2
DA:109,6
DA:111,2
DA:116,2
DA:117,2
DA:118,2
DA:119,2
DA:120,2
DA:123,4
DA:124,4
DA:125,2
DA:126,2
DA:128,2
DA:129,2
DA:130,2
DA:133,0
DA:134,0
DA:135,0
DA:142,2
DA:143,2
DA:144,2
DA:145,2
DA:146,2
DA:149,4
DA:150,10
DA:151,8
DA:152,2
DA:153,2
DA:155,2
DA:156,2
DA:157,2
DA:160,0
DA:161,0
DA:162,0
DA:169,2
DA:170,2
DA:171,2
DA:172,2
DA:173,2
DA:176,4
DA:177,10
DA:178,2
DA:179,2
DA:181,2
DA:182,2
DA:183,2
DA:186,2
DA:187,6
DA:188,2
DA:195,4
DA:196,4
DA:197,4
DA:198,4
DA:201,2
DA:202,2
DA:203,2
DA:204,2
DA:207,2
DA:208,2
DA:209,6
DA:210,2
DA:213,4
DA:214,8
DA:215,12
DA:219,8
DA:220,16
DA:221,4
DA:222,4
DA:223,0
DA:224,4
DA:225,0
DA:226,4
DA:227,6
DA:228,4
DA:229,0
DA:231,12
DA:233,4
DA:238,2
DA:239,2
DA:240,2
DA:243,2
DA:244,2
DA:245,2
DA:246,2
DA:247,2
DA:250,2
DA:251,2
DA:253,0
LF:132
LH:107
end_of_record
SF:lib\framework\repository\model\employee_model\employee_model.dart
DA:3,4
DA:4,20
DA:6,0
DA:7,0
DA:9,6
DA:11,0
DA:23,15
DA:34,10
DA:35,10
DA:36,5
DA:37,5
DA:38,5
DA:39,5
DA:40,5
DA:41,5
DA:42,8
DA:45,10
DA:46,15
DA:47,10
DA:48,10
DA:49,10
DA:50,10
DA:51,10
DA:52,10
DA:53,9
DA:56,5
DA:66,5
DA:67,5
DA:68,0
DA:69,5
DA:70,5
DA:71,5
DA:72,5
DA:73,5
DA:74,5
DA:77,5
DA:80,21
DA:82,0
DA:83,0
LF:39
LH:33
end_of_record
SF:lib\framework\repository\repository\employee_repository.dart
DA:11,2
DA:12,0
DA:15,2
DA:16,4
DA:17,2
DA:18,2
DA:22,2
DA:23,6
DA:24,2
DA:25,2
DA:29,2
DA:30,6
DA:31,2
DA:32,2
DA:36,2
DA:38,8
DA:39,2
DA:40,2
DA:44,2
DA:45,6
LF:20
LH:19
end_of_record
SF:lib\ui\employee_screen\add_edit_employee_screen.dart
DA:14,2
DA:16,2
DA:18,2
DA:33,6
DA:35,2
DA:37,2
DA:39,2
DA:40,4
DA:41,6
DA:42,6
DA:43,6
DA:44,6
DA:45,6
DA:46,4
DA:49,6
DA:50,8
DA:54,2
DA:56,4
DA:57,4
DA:58,4
DA:59,4
DA:60,4
DA:61,2
DA:64,2
DA:65,6
DA:66,0
DA:67,0
DA:71,0
DA:72,0
DA:73,0
DA:74,0
DA:75,0
DA:76,0
DA:77,0
DA:78,0
DA:79,0
DA:83,0
DA:84,0
DA:85,0
DA:86,0
DA:88,0
DA:91,0
DA:94,0
DA:96,0
DA:97,0
DA:98,0
DA:102,2
DA:104,6
DA:105,6
DA:106,2
DA:108,2
DA:109,2
DA:110,4
DA:112,2
DA:113,2
DA:114,2
DA:115,2
DA:116,4
DA:118,6
DA:119,2
DA:120,2
DA:122,2
DA:123,2
DA:124,2
DA:126,2
DA:128,2
DA:131,2
DA:132,2
DA:137,2
DA:138,4
DA:141,6
DA:149,2
DA:150,2
DA:156,2
DA:157,4
DA:160,2
DA:161,4
DA:169,2
DA:170,2
DA:176,4
DA:177,2
DA:178,4
DA:181,6
DA:190,2
DA:194,2
DA:201,6
DA:202,0
DA:203,0
DA:204,0
DA:205,0
DA:207,2
DA:209,2
DA:210,2
DA:212,0
DA:213,0
DA:215,2
DA:216,0
DA:225,2
DA:226,2
DA:231,2
DA:232,4
DA:240,2
DA:241,2
DA:246,0
DA:247,2
DA:248,4
DA:256,2
DA:257,2
DA:267,2
DA:268,2
DA:279,0
DA:293,2
DA:295,2
DA:297,2
DA:298,2
DA:299,2
DA:302,2
DA:303,6
DA:304,2
DA:308,2
DA:309,2
DA:310,8
DA:321,0
DA:323,0
DA:325,0
DA:326,0
DA:327,0
DA:328,0
DA:330,0
DA:333,0
DA:334,0
LF:131
LH:92
end_of_record
SF:lib\ui\helper\custom_dropdown.dart
DA:13,2
DA:24,2
DA:30,12
DA:31,2
DA:34,2
DA:37,2
DA:38,2
DA:39,6
DA:41,2
DA:42,2
DA:43,4
DA:45,2
DA:48,2
DA:49,4
DA:50,2
LF:15
LH:15
end_of_record
SF:lib\ui\helper\custom_text_field.dart
DA:23,8
DA:43,8
DA:45,8
DA:46,8
DA:47,8
DA:48,8
DA:49,8
DA:50,8
DA:51,8
DA:52,8
DA:53,8
DA:54,8
DA:55,8
DA:56,8
DA:57,8
DA:58,8
DA:59,8
DA:60,8
DA:61,24
DA:62,8
LF:20
LH:20
end_of_record
SF:lib\ui\helper\snackbar_helper.dart
DA:6,0
DA:7,0
DA:8,0
DA:12,4
DA:13,4
DA:14,4
DA:17,2
DA:18,2
DA:19,2
DA:25,0
DA:27,0
DA:28,0
DA:32,0
DA:34,0
DA:35,0
DA:40,4
DA:46,4
DA:47,4
DA:48,8
DA:51,0
DA:58,0
DA:59,0
DA:62,4
DA:64,4
DA:65,4
DA:66,4
DA:67,4
DA:69,4
DA:70,4
LF:29
LH:17
end_of_record
SF:lib\ui\helper\confirm_dialog.dart
DA:12,2
DA:23,2
DA:32,2
DA:35,4
DA:47,2
DA:49,4
DA:50,4
DA:52,2
DA:53,4
DA:54,2
DA:55,2
DA:56,4
DA:57,4
DA:60,4
DA:63,4
DA:64,2
DA:65,2
DA:66,6
DA:67,4
DA:69,2
DA:70,6
DA:71,2
DA:75,4
LF:23
LH:23
end_of_record
SF:lib\ui\helper\employee_card.dart
DA:11,4
DA:19,4
DA:21,8
DA:22,12
DA:24,4
DA:26,4
DA:27,20
DA:28,24
DA:29,8
DA:30,4
DA:31,4
DA:32,4
DA:33,4
DA:35,4
DA:37,4
DA:39,4
DA:41,8
DA:42,4
DA:44,4
DA:45,4
DA:54,4
DA:55,4
DA:57,4
DA:58,4
DA:59,4
DA:60,4
DA:61,4
DA:62,8
DA:63,4
DA:64,4
DA:65,4
DA:66,4
DA:71,8
DA:72,4
DA:75,4
DA:76,8
DA:77,4
DA:79,4
DA:80,12
DA:81,4
DA:83,4
DA:91,4
DA:92,4
DA:93,4
DA:95,8
DA:97,4
DA:98,4
DA:99,8
DA:100,4
DA:101,4
DA:102,4
DA:103,4
DA:104,4
DA:105,4
DA:113,4
DA:114,4
DA:115,4
DA:117,8
DA:119,4
DA:120,4
DA:121,28
DA:122,4
DA:123,4
DA:124,4
DA:125,4
DA:126,4
DA:127,4
DA:139,4
DA:142,4
DA:143,4
DA:144,4
DA:147,4
DA:149,4
DA:150,4
DA:151,4
DA:152,4
DA:153,4
DA:157,8
DA:158,2
DA:159,4
DA:160,4
DA:163,4
DA:165,4
DA:166,4
DA:167,4
DA:168,4
DA:169,4
DA:183,4
DA:184,8
DA:185,4
DA:186,8
DA:187,24
LF:92
LH:92
end_of_record
SF:lib\ui\employee_screen\employee_list_screen.dart
DA:22,1
DA:24,2
DA:26,2
DA:46,2
DA:48,2
DA:49,6
DA:50,8
DA:54,0
DA:55,0
DA:58,0
DA:59,0
DA:60,0
DA:63,0
DA:67,0
DA:70,0
DA:71,0
DA:74,0
DA:77,0
DA:78,0
DA:82,0
DA:83,0
DA:84,0
DA:91,0
DA:92,0
DA:93,0
DA:94,0
DA:95,0
DA:96,0
DA:97,0
DA:101,0
DA:102,0
DA:103,0
DA:104,0
DA:105,0
DA:106,0
DA:107,0
DA:108,0
DA:110,0
DA:111,0
DA:115,0
DA:116,0
DA:117,0
DA:119,0
DA:121,0
DA:123,0
DA:126,0
DA:127,0
DA:128,0
DA:134,0
DA:136,0
DA:137,0
DA:138,0
DA:140,0
DA:141,0
DA:143,0
DA:146,0
DA:154,0
DA:155,0
DA:156,0
DA:163,0
DA:164,0
DA:165,0
DA:166,0
DA:176,0
DA:178,0
DA:181,0
DA:182,0
DA:183,0
DA:185,0
DA:186,0
DA:189,0
DA:193,0
DA:194,0
DA:197,0
DA:198,0
DA:201,0
DA:203,0
DA:205,0
DA:206,0
DA:207,0
DA:208,0
DA:209,0
DA:218,0
DA:220,0
DA:221,0
DA:222,0
DA:224,0
DA:227,0
DA:228,0
DA:229,0
DA:231,0
DA:232,0
DA:234,0
DA:236,0
DA:237,0
DA:239,0
DA:241,0
DA:243,0
DA:245,0
DA:246,0
DA:256,2
DA:258,6
DA:259,6
DA:260,2
DA:261,4
DA:263,2
DA:264,0
DA:265,0
DA:266,2
DA:268,2
DA:269,2
DA:271,2
DA:273,2
DA:275,0
DA:277,0
DA:282,2
DA:284,0
DA:286,0
DA:287,0
DA:292,2
DA:294,2
DA:295,2
DA:296,2
DA:299,0
DA:300,0
DA:302,0
DA:303,2
DA:315,2
DA:317,2
DA:320,2
DA:321,2
DA:322,0
DA:323,0
DA:324,0
DA:326,0
DA:327,0
DA:329,0
DA:330,0
DA:340,2
DA:341,2
DA:342,8
DA:344,2
DA:346,2
DA:347,6
DA:348,4
DA:349,4
DA:350,2
DA:352,2
DA:353,0
DA:354,0
DA:355,2
DA:356,6
DA:359,2
DA:363,2
DA:366,2
DA:367,2
DA:368,2
DA:371,2
DA:375,2
DA:377,2
DA:378,2
DA:379,2
DA:383,2
DA:388,2
DA:389,4
DA:390,2
DA:396,2
DA:406,2
DA:412,2
DA:413,4
DA:414,4
DA:418,4
DA:419,4
DA:420,2
DA:421,2
DA:422,0
DA:426,2
DA:427,2
DA:428,2
DA:430,2
DA:431,0
DA:433,0
DA:436,0
DA:437,0
DA:441,0
DA:442,0
DA:443,0
DA:452,2
DA:453,4
DA:454,2
DA:455,4
DA:458,4
DA:461,4
DA:465,2
DA:466,2
DA:467,2
DA:468,2
DA:470,4
DA:472,2
DA:482,4
DA:483,2
DA:484,4
DA:485,2
DA:487,0
DA:489,0
DA:490,0
DA:491,0
DA:494,0
DA:495,0
DA:497,0
DA:498,0
DA:499,0
DA:502,0
DA:503,0
DA:507,2
DA:508,0
DA:514,0
DA:517,0
DA:518,0
DA:519,0
DA:520,0
DA:522,0
DA:524,0
DA:525,0
DA:526,0
DA:529,0
DA:530,0
DA:532,0
DA:533,0
DA:534,0
DA:537,0
DA:538,0
DA:542,0
DA:543,0
DA:556,2
DA:557,2
DA:559,2
DA:560,2
DA:561,8
DA:562,2
DA:564,8
DA:566,4
DA:567,2
DA:569,0
DA:570,0
LF:245
LH:93
end_of_record
SF:lib\ui\helper\loading_widget.dart
DA:8,0
DA:10,0
DA:12,0
DA:13,0
DA:15,0
DA:17,0
DA:19,0
DA:20,0
DA:21,0
DA:22,0
DA:23,0
DA:24,0
DA:25,0
DA:38,1
DA:40,2
DA:42,6
DA:48,2
DA:51,2
DA:53,2
DA:55,2
DA:56,2
DA:59,2
DA:60,2
DA:62,2
DA:63,2
DA:65,2
DA:67,2
DA:81,1
DA:83,2
DA:85,2
DA:88,2
LF:31
LH:18
end_of_record
SF:lib\framework\providers\provider\theme_provider.dart
DA:6,0
DA:7,0
DA:13,0
DA:14,0
DA:16,0
DA:17,0
DA:18,0
DA:21,0
DA:22,0
DA:23,0
DA:24,0
LF:11
LH:0
end_of_record
SF:lib\framework\utils\app_theme.dart
DA:14,0
DA:17,0
DA:34,0
DA:37,0
DA:40,0
DA:41,0
DA:46,0
DA:54,0
DA:55,0
DA:59,0
DA:66,0
DA:71,0
DA:72,0
DA:75,0
DA:76,0
DA:79,0
DA:80,0
DA:83,0
DA:84,0
DA:87,0
DA:88,0
DA:99,0
DA:100,0
DA:103,0
DA:107,0
DA:110,0
DA:115,0
DA:118,0
DA:135,0
DA:138,0
DA:141,0
DA:142,0
DA:147,0
DA:155,0
DA:156,0
DA:160,0
DA:167,0
DA:172,0
DA:173,0
DA:176,0
DA:177,0
DA:180,0
DA:181,0
DA:184,0
DA:185,0
DA:188,0
DA:189,0
DA:202,0
DA:205,0
LF:49
LH:0
end_of_record
SF:lib\ui\auth_screen\forgot_password_screen.dart
DA:9,1
DA:11,2
DA:13,2
DA:21,2
DA:23,4
DA:24,2
DA:27,2
DA:28,6
DA:30,2
DA:31,4
DA:32,6
DA:34,2
DA:36,6
DA:39,0
DA:40,0
DA:44,2
DA:47,10
DA:49,2
DA:50,2
DA:51,2
DA:52,2
DA:53,2
DA:55,4
DA:57,6
DA:58,2
DA:59,2
DA:61,2
DA:62,2
DA:63,2
DA:71,2
DA:72,2
DA:73,2
DA:74,2
DA:76,2
DA:77,2
DA:78,2
DA:80,2
DA:83,2
DA:84,4
DA:85,2
DA:86,2
DA:87,2
DA:88,2
DA:90,2
DA:93,8
DA:99,2
DA:100,2
DA:102,10
DA:108,2
DA:109,2
DA:111,10
DA:112,4
DA:113,2
DA:114,2
DA:115,2
DA:121,2
DA:122,2
DA:128,0
DA:129,2
DA:130,4
DA:133,2
DA:134,4
DA:141,2
DA:144,2
DA:145,2
DA:163,2
DA:164,2
DA:166,2
DA:168,2
DA:174,2
DA:176,10
DA:181,2
DA:182,6
DA:183,10
DA:184,4
DA:185,2
DA:186,2
DA:187,2
DA:192,2
DA:194,2
DA:197,2
DA:198,0
LF:82
LH:78
end_of_record
SF:lib\ui\auth_screen\login_screen.dart
DA:12,1
DA:14,2
DA:15,2
DA:24,2
DA:26,4
DA:27,4
DA:28,2
DA:31,2
DA:32,6
DA:34,0
DA:35,0
DA:36,0
DA:39,0
DA:41,0
DA:42,0
DA:43,0
DA:46,0
DA:47,0
DA:51,0
DA:52,0
DA:53,0
DA:57,0
DA:58,0
DA:59,0
DA:63,0
DA:64,0
DA:68,2
DA:70,6
DA:71,2
DA:73,2
DA:74,2
DA:75,2
DA:76,2
DA:78,4
DA:80,6
DA:82,2
DA:83,2
DA:85,2
DA:86,2
DA:87,2
DA:89,2
DA:93,2
DA:94,2
DA:97,2
DA:98,2
DA:99,2
DA:100,2
DA:101,2
DA:107,2
DA:108,2
DA:109,2
DA:112,2
DA:121,2
DA:122,2
DA:125,8
DA:130,2
DA:131,2
DA:133,8
DA:134,2
DA:135,2
DA:136,2
DA:137,2
DA:144,2
DA:145,2
DA:151,2
DA:152,4
DA:155,2
DA:156,4
DA:165,2
DA:166,2
DA:170,2
DA:172,0
DA:173,2
DA:174,2
DA:178,2
DA:179,2
DA:180,2
DA:184,0
DA:185,0
DA:188,2
DA:189,2
DA:192,4
DA:201,2
DA:203,2
DA:204,0
DA:206,0
DA:207,0
DA:215,2
DA:218,2
DA:219,2
DA:235,2
DA:236,2
DA:238,2
DA:240,2
DA:243,8
DA:244,2
DA:245,2
DA:246,2
DA:247,2
DA:257,2
DA:260,2
DA:261,2
DA:269,2
DA:271,2
DA:272,2
DA:274,6
DA:276,2
DA:279,2
DA:280,0
DA:282,0
DA:283,0
DA:285,2
DA:287,2
DA:288,6
LF:114
LH:88
end_of_record
SF:lib\ui\auth_screen\register_screen.dart
DA:9,1
DA:11,2
DA:12,2
DA:24,2
DA:26,4
DA:27,4
DA:28,4
DA:29,4
DA:30,2
DA:33,2
DA:34,6
DA:36,8
DA:37,4
DA:38,4
DA:39,4
DA:42,2
DA:44,0
DA:45,0
DA:46,0
DA:47,0
DA:51,8
DA:52,4
DA:56,2
DA:58,8
DA:60,2
DA:61,2
DA:62,2
DA:63,2
DA:64,2
DA:65,4
DA:67,6
DA:68,2
DA:69,2
DA:71,2
DA:72,2
DA:73,2
DA:75,2
DA:76,2
DA:79,8
DA:84,2
DA:86,8
DA:87,2
DA:88,2
DA:89,2
DA:90,2
DA:96,2
DA:97,2
DA:102,2
DA:103,4
DA:106,6
DA:115,2
DA:116,2
DA:122,2
DA:123,4
DA:126,2
DA:127,4
DA:136,2
DA:137,2
DA:141,2
DA:143,2
DA:144,2
DA:148,2
DA:149,2
DA:150,2
DA:154,0
DA:155,0
DA:158,2
DA:159,2
DA:162,4
DA:171,2
DA:172,2
DA:176,2
DA:178,0
DA:179,2
DA:180,2
DA:184,2
DA:185,2
DA:186,2
DA:190,0
DA:191,0
DA:194,2
DA:195,2
DA:198,6
DA:206,2
DA:209,2
DA:210,2
DA:225,2
DA:227,2
DA:228,2
DA:230,6
DA:232,2
DA:235,2
DA:236,0
DA:237,2
DA:239,2
DA:240,6
LF:96
LH:86
end_of_record
SF:lib\ui\country_screen\country_list_screen.dart
DA:9,1
DA:11,0
DA:12,0
DA:19,0
DA:21,0
DA:22,0
DA:23,0
DA:27,0
DA:29,0
DA:30,0
DA:33,0
DA:34,0
DA:35,0
DA:36,0
DA:39,0
DA:40,0
DA:43,0
DA:45,0
DA:47,0
DA:48,0
DA:50,0
DA:51,0
DA:52,0
DA:54,0
DA:55,0
DA:58,0
DA:59,0
DA:60,0
DA:62,0
DA:63,0
DA:72,0
DA:73,0
DA:75,0
DA:77,0
DA:78,0
DA:79,0
DA:80,0
DA:83,0
DA:84,0
DA:86,0
DA:87,0
DA:88,0
DA:98,0
DA:104,0
DA:105,0
DA:106,0
DA:109,0
DA:110,0
DA:113,0
DA:115,0
DA:116,0
DA:117,0
DA:119,0
DA:120,0
DA:121,0
DA:125,0
DA:126,0
DA:127,0
DA:128,0
DA:131,0
DA:132,0
DA:133,0
DA:134,0
DA:135,0
DA:136,0
DA:137,0
DA:138,0
DA:139,0
DA:147,0
DA:148,0
DA:149,0
DA:151,0
DA:152,0
DA:153,0
DA:158,0
DA:159,0
DA:163,0
DA:166,0
DA:167,0
DA:168,0
DA:169,0
DA:171,0
DA:176,0
DA:177,0
DA:178,0
DA:180,0
DA:182,0
DA:183,0
DA:185,0
DA:186,0
DA:187,0
DA:188,0
DA:190,0
DA:191,0
DA:192,0
DA:193,0
DA:194,0
DA:196,0
DA:197,0
DA:198,0
DA:199,0
DA:200,0
DA:201,0
DA:205,0
DA:207,0
DA:208,0
DA:226,0
DA:228,0
DA:230,0
DA:232,0
DA:234,0
DA:237,0
DA:238,0
DA:239,0
DA:240,0
DA:241,0
DA:242,0
DA:243,0
DA:244,0
DA:246,0
DA:247,0
DA:248,0
DA:249,0
DA:250,0
DA:254,0
DA:255,0
DA:258,0
DA:259,0
DA:260,0
DA:262,0
DA:263,0
DA:264,0
DA:266,0
DA:276,0
DA:278,0
DA:279,0
DA:331,0
DA:333,0
DA:334,0
DA:338,0
DA:341,0
DA:342,0
DA:343,0
DA:346,0
DA:348,0
DA:349,0
DA:352,0
DA:354,0
DA:355,0
DA:359,0
DA:361,0
DA:362,0
DA:363,0
DA:364,0
DA:378,0
DA:381,0
DA:383,0
DA:384,0
DA:385,0
DA:386,0
DA:388,0
DA:389,0
DA:390,0
DA:391,0
DA:392,0
DA:393,0
DA:395,0
DA:396,0
DA:400,0
LF:169
LH:1
end_of_record
SF:lib\ui\employee_screen\employee_detail_screen.dart
DA:12,2
DA:14,2
DA:16,4
DA:17,6
DA:19,2
DA:20,2
DA:22,2
DA:23,2
DA:25,0
DA:26,0
DA:28,0
DA:29,0
DA:32,0
DA:33,0
DA:35,0
DA:40,4
DA:41,2
DA:43,0
DA:44,0
DA:48,0
DA:53,0
DA:55,0
DA:56,0
DA:57,0
DA:59,0
DA:61,0
DA:63,0
DA:65,0
DA:73,2
DA:75,2
DA:76,2
DA:78,2
DA:79,2
DA:80,2
DA:81,2
DA:84,4
DA:85,2
DA:87,2
DA:90,2
DA:95,2
DA:96,4
DA:98,8
DA:103,4
DA:104,2
DA:108,2
DA:109,4
DA:110,2
DA:112,2
DA:113,6
DA:114,2
DA:115,2
DA:125,2
DA:126,2
DA:128,2
DA:130,2
DA:131,2
DA:133,2
DA:134,2
DA:135,2
DA:136,2
DA:139,2
DA:142,4
DA:145,2
DA:148,4
DA:157,2
DA:158,2
DA:160,2
DA:162,2
DA:163,2
DA:165,2
DA:166,2
DA:167,2
DA:168,2
DA:171,2
DA:174,4
DA:177,2
DA:180,4
DA:183,2
DA:186,4
DA:193,4
DA:195,0
DA:196,0
DA:198,0
DA:201,0
DA:212,2
DA:213,4
DA:214,2
DA:215,4
DA:216,12
DA:219,0
DA:221,0
DA:222,0
DA:234,2
DA:240,2
DA:242,2
DA:244,2
DA:245,2
DA:246,2
DA:248,2
DA:249,2
DA:250,2
DA:251,2
DA:254,2
DA:255,2
DA:257,2
DA:258,2
DA:259,2
DA:260,8
DA:261,2
DA:262,2
DA:263,2
DA:264,2
DA:269,2
DA:270,6
DA:271,2
DA:272,2
DA:273,2
DA:274,2
LF:118
LH:93
end_of_record
SF:lib\ui\helper\empty_state_widget.dart
DA:11,2
DA:20,2
DA:22,2
DA:23,2
DA:25,2
DA:27,2
DA:28,2
DA:29,2
DA:30,2
DA:31,2
DA:33,2
DA:34,2
DA:35,2
DA:36,2
DA:40,2
DA:41,2
DA:42,8
DA:48,2
DA:49,2
DA:50,8
DA:51,2
DA:52,2
DA:53,2
DA:54,2
DA:58,2
DA:60,0
DA:62,0
DA:63,0
DA:65,0
LF:29
LH:25
end_of_record
SF:lib\ui\helper\error_widget.dart
DA:9,2
DA:16,2
DA:18,2
DA:19,2
DA:21,2
DA:23,2
DA:24,2
DA:25,4
DA:26,2
DA:29,2
DA:30,2
DA:31,2
DA:32,2
DA:36,2
DA:38,8
DA:44,2
DA:45,2
DA:46,8
DA:47,2
DA:48,2
DA:49,2
DA:50,2
DA:54,4
DA:56,2
DA:58,2
DA:59,2
DA:61,4
LF:27
LH:27
end_of_record
SF:lib\ui\employee_screen\search_employee_screen.dart
DA:10,1
DA:12,2
DA:14,2
DA:20,2
DA:22,2
DA:23,6
DA:24,8
DA:25,8
DA:29,2
DA:31,4
DA:32,2
DA:35,2
DA:36,6
DA:37,2
DA:38,4
DA:43,8
DA:44,8
DA:46,8
DA:48,2
DA:49,6
DA:50,4
DA:51,2
DA:52,2
DA:53,2
DA:55,2
DA:57,2
DA:58,2
DA:59,2
DA:60,2
DA:61,4
DA:67,2
DA:69,6
DA:70,4
DA:72,2
DA:73,2
DA:74,2
DA:76,2
DA:78,2
DA:80,2
DA:82,2
DA:83,2
DA:84,2
DA:85,2
DA:88,0
DA:97,2
DA:99,2
DA:100,4
DA:101,2
DA:104,2
DA:121,4
DA:128,2
DA:130,2
DA:144,4
DA:145,2
DA:146,2
DA:148,2
DA:149,2
DA:152,4
DA:155,2
DA:157,2
DA:158,2
DA:159,6
DA:162,2
DA:163,2
DA:164,10
DA:165,4
DA:175,2
DA:176,2
DA:177,2
DA:178,0
DA:179,0
DA:180,0
DA:181,0
DA:182,0
DA:189,2
DA:190,2
DA:192,2
DA:193,2
DA:196,4
DA:199,2
DA:201,10
DA:202,4
DA:206,2
DA:208,10
DA:209,4
DA:224,2
DA:226,2
DA:228,4
DA:229,6
DA:231,2
DA:232,2
DA:234,2
DA:236,2
DA:237,2
DA:238,2
DA:240,2
DA:244,2
DA:246,8
DA:247,2
DA:256,2
DA:257,2
DA:259,2
DA:260,2
DA:262,2
DA:263,2
DA:264,2
DA:266,4
DA:269,2
DA:271,2
DA:274,2
DA:279,2
DA:280,2
DA:282,2
DA:283,2
DA:284,4
DA:285,6
DA:286,2
DA:288,4
DA:289,2
DA:295,2
DA:296,4
DA:299,2
DA:301,2
DA:302,6
DA:303,2
DA:305,2
DA:320,6
DA:322,6
DA:324,6
DA:326,6
DA:328,2
DA:331,4
DA:336,2
DA:338,2
DA:339,2
DA:353,2
DA:354,4
DA:355,16
DA:356,0
DA:365,2
DA:367,2
DA:369,2
DA:371,2
DA:372,2
DA:373,2
DA:375,2
DA:377,6
DA:380,2
DA:381,2
DA:382,2
DA:383,6
DA:384,2
DA:385,2
DA:386,4
DA:389,8
LF:155
LH:148
end_of_record
